<?xml version="1.0" encoding="UTF-8"?>
<!-- Generated by org.testng.reporters.JUnitXMLReporter -->
<testsuite ignored="0" hostname="LAPTOP-DEVOPS01" failures="3" tests="3" name="TC_001_AddEmployee" time="44.136" errors="0" timestamp="2022-03-16T22:20:44 IST">
  <testcase classname="mainNG.TC_004_AddEditDelete" name="@AfterTest CloseBrowser" time="2.005">
    <failure type="java.lang.NullPointerException">
      <![CDATA[java.lang.NullPointerException
at mainNG.TC_004_AddEditDelete.CloseBrowser(TC_004_AddEditDelete.java:101)
... Removed 24 stack frames]]>
    </failure>
  </testcase> <!-- @AfterTest CloseBrowser -->
  <testcase classname="mainNG.TC_004_AddEditDelete" name="addEmployee" time="0.014">
    <failure type="java.lang.NullPointerException">
      <![CDATA[java.lang.NullPointerException
at mainNG.TC_004_AddEditDelete.addEmployee(TC_004_AddEditDelete.java:34)
at java.base/java.util.ArrayList.forEach(ArrayList.java:1541)
... Removed 27 stack frames]]>
    </failure>
  </testcase> <!-- addEmployee -->
  <testcase classname="mainNG.TC_004_AddEditDelete" name="editEmployee" time="0.0">
    <failure type="java.lang.NullPointerException">
      <![CDATA[java.lang.NullPointerException
at mainNG.TC_004_AddEditDelete.editEmployee(TC_004_AddEditDelete.java:56)
at java.base/java.util.ArrayList.forEach(ArrayList.java:1541)
... Removed 27 stack frames]]>
    </failure>
  </testcase> <!-- editEmployee -->
  <testcase classname="mainNG.TC_004_AddEditDelete" name="deleteEmployee" time="0.016">
    <failure type="java.lang.NullPointerException">
      <![CDATA[java.lang.NullPointerException
at mainNG.TC_004_AddEditDelete.deleteEmployee(TC_004_AddEditDelete.java:77)
at java.base/java.util.ArrayList.forEach(ArrayList.java:1541)
... Removed 27 stack frames]]>
    </failure>
  </testcase> <!-- deleteEmployee -->
</testsuite> <!-- TC_001_AddEmployee -->
