<?xml version="1.0" encoding="UTF-8"?>
<!-- Generated by org.testng.reporters.JUnitXMLReporter -->
<testsuite ignored="0" hostname="LAPTOP-DEVOPS01" failures="0" tests="3" name="TC_004_AddEditDelete" time="54.648" errors="0" timestamp="2022-03-17T16:41:52 IST">
  <testcase classname="mainNG.TC_004_AddEditDelete" name="addEmployee" time="11.219"/>
  <testcase classname="mainNG.TC_004_AddEditDelete" name="editEmployee" time="8.928"/>
  <testcase classname="mainNG.TC_004_AddEditDelete" name="deleteEmployee" time="7.245"/>
</testsuite> <!-- TC_004_AddEditDelete -->
